[2025-09-07 19:34:16] production.ERROR: Database file at path [/home/chov2692/projet.revolverealm.com/ovkhann/PROJET-PHARE/projet-api/database/database.sqlite] does not exist. Ensure this is an absolute path to the database. (Connection: sqlite, SQL: select exists (select 1 from sqlite_master where name = 'migrations' and type = 'table') as "exists") {"exception":"[object] (Illuminate\\Database\\QueryException(code: 0): Database file at path [/home/chov2692/projet.revolverealm.com/ovkhann/PROJET-PHARE/projet-api/database/database.sqlite] does not exist. Ensure this is an absolute path to the database. (Connection: sqlite, SQL: select exists (select 1 from sqlite_master where name = 'migrations' and type = 'table') as \"exists\") at /home/chov2692/projet.revolverealm.com/ovkhann/PROJET-PHARE/projet-api/vendor/laravel/framework/src/Illuminate/Database/Connection.php:825)
[stacktrace]
#0 /home/chov2692/projet.revolverealm.com/ovkhann/PROJET-PHARE/projet-api/vendor/laravel/framework/src/Illuminate/Database/Connection.php(779): Illuminate\\Database\\Connection->runQueryCallback()
#1 /home/chov2692/projet.revolverealm.com/ovkhann/PROJET-PHARE/projet-api/vendor/laravel/framework/src/Illuminate/Database/Connection.php(398): Illuminate\\Database\\Connection->run()
#2 /home/chov2692/projet.revolverealm.com/ovkhann/PROJET-PHARE/projet-api/vendor/laravel/framework/src/Illuminate/Database/Connection.php(344): Illuminate\\Database\\Connection->select()
#3 /home/chov2692/projet.revolverealm.com/ovkhann/PROJET-PHARE/projet-api/vendor/laravel/framework/src/Illuminate/Database/Connection.php(361): Illuminate\\Database\\Connection->selectOne()
#4 /home/chov2692/projet.revolverealm.com/ovkhann/PROJET-PHARE/projet-api/vendor/laravel/framework/src/Illuminate/Database/Schema/SQLiteBuilder.php(44): Illuminate\\Database\\Connection->scalar()
#5 /home/chov2692/projet.revolverealm.com/ovkhann/PROJET-PHARE/projet-api/vendor/laravel/framework/src/Illuminate/Database/Migrations/DatabaseMigrationRepository.php(184): Illuminate\\Database\\Schema\\SQLiteBuilder->hasTable()
#6 /home/chov2692/projet.revolverealm.com/ovkhann/PROJET-PHARE/projet-api/vendor/laravel/framework/src/Illuminate/Database/Migrations/Migrator.php(742): Illuminate\\Database\\Migrations\\DatabaseMigrationRepository->repositoryExists()
#7 /home/chov2692/projet.revolverealm.com/ovkhann/PROJET-PHARE/projet-api/vendor/laravel/framework/src/Illuminate/Database/Console/Migrations/FreshCommand.php(68): Illuminate\\Database\\Migrations\\Migrator->repositoryExists()
#8 /home/chov2692/projet.revolverealm.com/ovkhann/PROJET-PHARE/projet-api/vendor/laravel/framework/src/Illuminate/Database/Migrations/Migrator.php(658): Illuminate\\Database\\Console\\Migrations\\FreshCommand->Illuminate\\Database\\Console\\Migrations\\{closure}()
#9 /home/chov2692/projet.revolverealm.com/ovkhann/PROJET-PHARE/projet-api/vendor/laravel/framework/src/Illuminate/Database/Console/Migrations/FreshCommand.php(67): Illuminate\\Database\\Migrations\\Migrator->usingConnection()
#10 /home/chov2692/projet.revolverealm.com/ovkhann/PROJET-PHARE/projet-api/vendor/laravel/framework/src/Illuminate/Container/BoundMethod.php(36): Illuminate\\Database\\Console\\Migrations\\FreshCommand->handle()
#11 /home/chov2692/projet.revolverealm.com/ovkhann/PROJET-PHARE/projet-api/vendor/laravel/framework/src/Illuminate/Container/Util.php(43): Illuminate\\Container\\BoundMethod::Illuminate\\Container\\{closure}()
#12 /home/chov2692/projet.revolverealm.com/ovkhann/PROJET-PHARE/projet-api/vendor/laravel/framework/src/Illuminate/Container/BoundMethod.php(95): Illuminate\\Container\\Util::unwrapIfClosure()
#13 /home/chov2692/projet.revolverealm.com/ovkhann/PROJET-PHARE/projet-api/vendor/laravel/framework/src/Illuminate/Container/BoundMethod.php(35): Illuminate\\Container\\BoundMethod::callBoundMethod()
#14 /home/chov2692/projet.revolverealm.com/ovkhann/PROJET-PHARE/projet-api/vendor/laravel/framework/src/Illuminate/Container/Container.php(696): Illuminate\\Container\\BoundMethod::call()
#15 /home/chov2692/projet.revolverealm.com/ovkhann/PROJET-PHARE/projet-api/vendor/laravel/framework/src/Illuminate/Console/Command.php(213): Illuminate\\Container\\Container->call()
#16 /home/chov2692/projet.revolverealm.com/ovkhann/PROJET-PHARE/projet-api/vendor/symfony/console/Command/Command.php(318): Illuminate\\Console\\Command->execute()
#17 /home/chov2692/projet.revolverealm.com/ovkhann/PROJET-PHARE/projet-api/vendor/laravel/framework/src/Illuminate/Console/Command.php(182): Symfony\\Component\\Console\\Command\\Command->run()
#18 /home/chov2692/projet.revolverealm.com/ovkhann/PROJET-PHARE/projet-api/vendor/symfony/console/Application.php(1110): Illuminate\\Console\\Command->run()
#19 /home/chov2692/projet.revolverealm.com/ovkhann/PROJET-PHARE/projet-api/vendor/symfony/console/Application.php(359): Symfony\\Component\\Console\\Application->doRunCommand()
#20 /home/chov2692/projet.revolverealm.com/ovkhann/PROJET-PHARE/projet-api/vendor/symfony/console/Application.php(194): Symfony\\Component\\Console\\Application->doRun()
#21 /home/chov2692/projet.revolverealm.com/ovkhann/PROJET-PHARE/projet-api/vendor/laravel/framework/src/Illuminate/Foundation/Console/Kernel.php(198): Symfony\\Component\\Console\\Application->run()
#22 /home/chov2692/projet.revolverealm.com/ovkhann/PROJET-PHARE/projet-api/vendor/laravel/framework/src/Illuminate/Foundation/Application.php(1235): Illuminate\\Foundation\\Console\\Kernel->handle()
#23 /home/chov2692/projet.revolverealm.com/ovkhann/PROJET-PHARE/projet-api/artisan(13): Illuminate\\Foundation\\Application->handleCommand()
#24 {main}

[previous exception] [object] (Illuminate\\Database\\SQLiteDatabaseDoesNotExistException(code: 0): Database file at path [/home/chov2692/projet.revolverealm.com/ovkhann/PROJET-PHARE/projet-api/database/database.sqlite] does not exist. Ensure this is an absolute path to the database. at /home/chov2692/projet.revolverealm.com/ovkhann/PROJET-PHARE/projet-api/vendor/laravel/framework/src/Illuminate/Database/Connectors/SQLiteConnector.php:37)
[stacktrace]
#0 /home/chov2692/projet.revolverealm.com/ovkhann/PROJET-PHARE/projet-api/vendor/laravel/framework/src/Illuminate/Database/Connectors/ConnectionFactory.php(224): Illuminate\\Database\\Connectors\\SQLiteConnector->connect()
#1 [internal function]: Illuminate\\Database\\Connectors\\ConnectionFactory->Illuminate\\Database\\Connectors\\{closure}()
#2 /home/chov2692/projet.revolverealm.com/ovkhann/PROJET-PHARE/projet-api/vendor/laravel/framework/src/Illuminate/Database/Connection.php(1231): call_user_func()
#3 /home/chov2692/projet.revolverealm.com/ovkhann/PROJET-PHARE/projet-api/vendor/laravel/framework/src/Illuminate/Database/Connection.php(1267): Illuminate\\Database\\Connection->getPdo()
#4 /home/chov2692/projet.revolverealm.com/ovkhann/PROJET-PHARE/projet-api/vendor/laravel/framework/src/Illuminate/Database/Connection.php(512): Illuminate\\Database\\Connection->getReadPdo()
#5 /home/chov2692/projet.revolverealm.com/ovkhann/PROJET-PHARE/projet-api/vendor/laravel/framework/src/Illuminate/Database/Connection.php(407): Illuminate\\Database\\Connection->getPdoForSelect()
#6 /home/chov2692/projet.revolverealm.com/ovkhann/PROJET-PHARE/projet-api/vendor/laravel/framework/src/Illuminate/Database/Connection.php(812): Illuminate\\Database\\Connection->Illuminate\\Database\\{closure}()
#7 /home/chov2692/projet.revolverealm.com/ovkhann/PROJET-PHARE/projet-api/vendor/laravel/framework/src/Illuminate/Database/Connection.php(779): Illuminate\\Database\\Connection->runQueryCallback()
#8 /home/chov2692/projet.revolverealm.com/ovkhann/PROJET-PHARE/projet-api/vendor/laravel/framework/src/Illuminate/Database/Connection.php(398): Illuminate\\Database\\Connection->run()
#9 /home/chov2692/projet.revolverealm.com/ovkhann/PROJET-PHARE/projet-api/vendor/laravel/framework/src/Illuminate/Database/Connection.php(344): Illuminate\\Database\\Connection->select()
#10 /home/chov2692/projet.revolverealm.com/ovkhann/PROJET-PHARE/projet-api/vendor/laravel/framework/src/Illuminate/Database/Connection.php(361): Illuminate\\Database\\Connection->selectOne()
#11 /home/chov2692/projet.revolverealm.com/ovkhann/PROJET-PHARE/projet-api/vendor/laravel/framework/src/Illuminate/Database/Schema/SQLiteBuilder.php(44): Illuminate\\Database\\Connection->scalar()
#12 /home/chov2692/projet.revolverealm.com/ovkhann/PROJET-PHARE/projet-api/vendor/laravel/framework/src/Illuminate/Database/Migrations/DatabaseMigrationRepository.php(184): Illuminate\\Database\\Schema\\SQLiteBuilder->hasTable()
#13 /home/chov2692/projet.revolverealm.com/ovkhann/PROJET-PHARE/projet-api/vendor/laravel/framework/src/Illuminate/Database/Migrations/Migrator.php(742): Illuminate\\Database\\Migrations\\DatabaseMigrationRepository->repositoryExists()
#14 /home/chov2692/projet.revolverealm.com/ovkhann/PROJET-PHARE/projet-api/vendor/laravel/framework/src/Illuminate/Database/Console/Migrations/FreshCommand.php(68): Illuminate\\Database\\Migrations\\Migrator->repositoryExists()
#15 /home/chov2692/projet.revolverealm.com/ovkhann/PROJET-PHARE/projet-api/vendor/laravel/framework/src/Illuminate/Database/Migrations/Migrator.php(658): Illuminate\\Database\\Console\\Migrations\\FreshCommand->Illuminate\\Database\\Console\\Migrations\\{closure}()
#16 /home/chov2692/projet.revolverealm.com/ovkhann/PROJET-PHARE/projet-api/vendor/laravel/framework/src/Illuminate/Database/Console/Migrations/FreshCommand.php(67): Illuminate\\Database\\Migrations\\Migrator->usingConnection()
#17 /home/chov2692/projet.revolverealm.com/ovkhann/PROJET-PHARE/projet-api/vendor/laravel/framework/src/Illuminate/Container/BoundMethod.php(36): Illuminate\\Database\\Console\\Migrations\\FreshCommand->handle()
#18 /home/chov2692/projet.revolverealm.com/ovkhann/PROJET-PHARE/projet-api/vendor/laravel/framework/src/Illuminate/Container/Util.php(43): Illuminate\\Container\\BoundMethod::Illuminate\\Container\\{closure}()
#19 /home/chov2692/projet.revolverealm.com/ovkhann/PROJET-PHARE/projet-api/vendor/laravel/framework/src/Illuminate/Container/BoundMethod.php(95): Illuminate\\Container\\Util::unwrapIfClosure()
#20 /home/chov2692/projet.revolverealm.com/ovkhann/PROJET-PHARE/projet-api/vendor/laravel/framework/src/Illuminate/Container/BoundMethod.php(35): Illuminate\\Container\\BoundMethod::callBoundMethod()
#21 /home/chov2692/projet.revolverealm.com/ovkhann/PROJET-PHARE/projet-api/vendor/laravel/framework/src/Illuminate/Container/Container.php(696): Illuminate\\Container\\BoundMethod::call()
#22 /home/chov2692/projet.revolverealm.com/ovkhann/PROJET-PHARE/projet-api/vendor/laravel/framework/src/Illuminate/Console/Command.php(213): Illuminate\\Container\\Container->call()
#23 /home/chov2692/projet.revolverealm.com/ovkhann/PROJET-PHARE/projet-api/vendor/symfony/console/Command/Command.php(318): Illuminate\\Console\\Command->execute()
#24 /home/chov2692/projet.revolverealm.com/ovkhann/PROJET-PHARE/projet-api/vendor/laravel/framework/src/Illuminate/Console/Command.php(182): Symfony\\Component\\Console\\Command\\Command->run()
#25 /home/chov2692/projet.revolverealm.com/ovkhann/PROJET-PHARE/projet-api/vendor/symfony/console/Application.php(1110): Illuminate\\Console\\Command->run()
#26 /home/chov2692/projet.revolverealm.com/ovkhann/PROJET-PHARE/projet-api/vendor/symfony/console/Application.php(359): Symfony\\Component\\Console\\Application->doRunCommand()
#27 /home/chov2692/projet.revolverealm.com/ovkhann/PROJET-PHARE/projet-api/vendor/symfony/console/Application.php(194): Symfony\\Component\\Console\\Application->doRun()
#28 /home/chov2692/projet.revolverealm.com/ovkhann/PROJET-PHARE/projet-api/vendor/laravel/framework/src/Illuminate/Foundation/Console/Kernel.php(198): Symfony\\Component\\Console\\Application->run()
#29 /home/chov2692/projet.revolverealm.com/ovkhann/PROJET-PHARE/projet-api/vendor/laravel/framework/src/Illuminate/Foundation/Application.php(1235): Illuminate\\Foundation\\Console\\Kernel->handle()
#30 /home/chov2692/projet.revolverealm.com/ovkhann/PROJET-PHARE/projet-api/artisan(13): Illuminate\\Foundation\\Application->handleCommand()
#31 {main}
"} 
[2025-09-07 20:00:37] local.ERROR: SQLSTATE[HY000] [1044] Access denied for user 'chov2692_ovkhann'@'localhost' to database 'chov2692_revolverealm' (Connection: mysql, SQL: select exists (select 1 from information_schema.tables where table_schema = 'chov2692_revolverealm' and table_name = 'migrations' and table_type in ('BASE TABLE', 'SYSTEM VERSIONED')) as `exists`) {"exception":"[object] (Illuminate\\Database\\QueryException(code: 1044): SQLSTATE[HY000] [1044] Access denied for user 'chov2692_ovkhann'@'localhost' to database 'chov2692_revolverealm' (Connection: mysql, SQL: select exists (select 1 from information_schema.tables where table_schema = 'chov2692_revolverealm' and table_name = 'migrations' and table_type in ('BASE TABLE', 'SYSTEM VERSIONED')) as `exists`) at /home/chov2692/projet.revolverealm.com/ovkhann/PROJET-PHARE/projet-api/vendor/laravel/framework/src/Illuminate/Database/Connection.php:825)
[stacktrace]
#0 /home/chov2692/projet.revolverealm.com/ovkhann/PROJET-PHARE/projet-api/vendor/laravel/framework/src/Illuminate/Database/Connection.php(779): Illuminate\\Database\\Connection->runQueryCallback()
#1 /home/chov2692/projet.revolverealm.com/ovkhann/PROJET-PHARE/projet-api/vendor/laravel/framework/src/Illuminate/Database/Connection.php(398): Illuminate\\Database\\Connection->run()
#2 /home/chov2692/projet.revolverealm.com/ovkhann/PROJET-PHARE/projet-api/vendor/laravel/framework/src/Illuminate/Database/Connection.php(344): Illuminate\\Database\\Connection->select()
#3 /home/chov2692/projet.revolverealm.com/ovkhann/PROJET-PHARE/projet-api/vendor/laravel/framework/src/Illuminate/Database/Connection.php(361): Illuminate\\Database\\Connection->selectOne()
#4 /home/chov2692/projet.revolverealm.com/ovkhann/PROJET-PHARE/projet-api/vendor/laravel/framework/src/Illuminate/Database/Schema/MySqlBuilder.php(45): Illuminate\\Database\\Connection->scalar()
#5 /home/chov2692/projet.revolverealm.com/ovkhann/PROJET-PHARE/projet-api/vendor/laravel/framework/src/Illuminate/Database/Migrations/DatabaseMigrationRepository.php(184): Illuminate\\Database\\Schema\\MySqlBuilder->hasTable()
#6 /home/chov2692/projet.revolverealm.com/ovkhann/PROJET-PHARE/projet-api/vendor/laravel/framework/src/Illuminate/Database/Migrations/Migrator.php(742): Illuminate\\Database\\Migrations\\DatabaseMigrationRepository->repositoryExists()
#7 /home/chov2692/projet.revolverealm.com/ovkhann/PROJET-PHARE/projet-api/vendor/laravel/framework/src/Illuminate/Database/Console/Migrations/FreshCommand.php(68): Illuminate\\Database\\Migrations\\Migrator->repositoryExists()
#8 /home/chov2692/projet.revolverealm.com/ovkhann/PROJET-PHARE/projet-api/vendor/laravel/framework/src/Illuminate/Database/Migrations/Migrator.php(658): Illuminate\\Database\\Console\\Migrations\\FreshCommand->Illuminate\\Database\\Console\\Migrations\\{closure}()
#9 /home/chov2692/projet.revolverealm.com/ovkhann/PROJET-PHARE/projet-api/vendor/laravel/framework/src/Illuminate/Database/Console/Migrations/FreshCommand.php(67): Illuminate\\Database\\Migrations\\Migrator->usingConnection()
#10 /home/chov2692/projet.revolverealm.com/ovkhann/PROJET-PHARE/projet-api/vendor/laravel/framework/src/Illuminate/Container/BoundMethod.php(36): Illuminate\\Database\\Console\\Migrations\\FreshCommand->handle()
#11 /home/chov2692/projet.revolverealm.com/ovkhann/PROJET-PHARE/projet-api/vendor/laravel/framework/src/Illuminate/Container/Util.php(43): Illuminate\\Container\\BoundMethod::Illuminate\\Container\\{closure}()
#12 /home/chov2692/projet.revolverealm.com/ovkhann/PROJET-PHARE/projet-api/vendor/laravel/framework/src/Illuminate/Container/BoundMethod.php(95): Illuminate\\Container\\Util::unwrapIfClosure()
#13 /home/chov2692/projet.revolverealm.com/ovkhann/PROJET-PHARE/projet-api/vendor/laravel/framework/src/Illuminate/Container/BoundMethod.php(35): Illuminate\\Container\\BoundMethod::callBoundMethod()
#14 /home/chov2692/projet.revolverealm.com/ovkhann/PROJET-PHARE/projet-api/vendor/laravel/framework/src/Illuminate/Container/Container.php(696): Illuminate\\Container\\BoundMethod::call()
#15 /home/chov2692/projet.revolverealm.com/ovkhann/PROJET-PHARE/projet-api/vendor/laravel/framework/src/Illuminate/Console/Command.php(213): Illuminate\\Container\\Container->call()
#16 /home/chov2692/projet.revolverealm.com/ovkhann/PROJET-PHARE/projet-api/vendor/symfony/console/Command/Command.php(318): Illuminate\\Console\\Command->execute()
#17 /home/chov2692/projet.revolverealm.com/ovkhann/PROJET-PHARE/projet-api/vendor/laravel/framework/src/Illuminate/Console/Command.php(182): Symfony\\Component\\Console\\Command\\Command->run()
#18 /home/chov2692/projet.revolverealm.com/ovkhann/PROJET-PHARE/projet-api/vendor/symfony/console/Application.php(1110): Illuminate\\Console\\Command->run()
#19 /home/chov2692/projet.revolverealm.com/ovkhann/PROJET-PHARE/projet-api/vendor/symfony/console/Application.php(359): Symfony\\Component\\Console\\Application->doRunCommand()
#20 /home/chov2692/projet.revolverealm.com/ovkhann/PROJET-PHARE/projet-api/vendor/symfony/console/Application.php(194): Symfony\\Component\\Console\\Application->doRun()
#21 /home/chov2692/projet.revolverealm.com/ovkhann/PROJET-PHARE/projet-api/vendor/laravel/framework/src/Illuminate/Foundation/Console/Kernel.php(198): Symfony\\Component\\Console\\Application->run()
#22 /home/chov2692/projet.revolverealm.com/ovkhann/PROJET-PHARE/projet-api/vendor/laravel/framework/src/Illuminate/Foundation/Application.php(1235): Illuminate\\Foundation\\Console\\Kernel->handle()
#23 /home/chov2692/projet.revolverealm.com/ovkhann/PROJET-PHARE/projet-api/artisan(13): Illuminate\\Foundation\\Application->handleCommand()
#24 {main}

[previous exception] [object] (PDOException(code: 1044): SQLSTATE[HY000] [1044] Access denied for user 'chov2692_ovkhann'@'localhost' to database 'chov2692_revolverealm' at /home/chov2692/projet.revolverealm.com/ovkhann/PROJET-PHARE/projet-api/vendor/laravel/framework/src/Illuminate/Database/Connectors/Connector.php:66)
[stacktrace]
#0 /home/chov2692/projet.revolverealm.com/ovkhann/PROJET-PHARE/projet-api/vendor/laravel/framework/src/Illuminate/Database/Connectors/Connector.php(66): PDO->__construct()
#1 /home/chov2692/projet.revolverealm.com/ovkhann/PROJET-PHARE/projet-api/vendor/laravel/framework/src/Illuminate/Database/Connectors/Connector.php(44): Illuminate\\Database\\Connectors\\Connector->createPdoConnection()
#2 /home/chov2692/projet.revolverealm.com/ovkhann/PROJET-PHARE/projet-api/vendor/laravel/framework/src/Illuminate/Database/Connectors/MySqlConnector.php(24): Illuminate\\Database\\Connectors\\Connector->createConnection()
#3 /home/chov2692/projet.revolverealm.com/ovkhann/PROJET-PHARE/projet-api/vendor/laravel/framework/src/Illuminate/Database/Connectors/ConnectionFactory.php(185): Illuminate\\Database\\Connectors\\MySqlConnector->connect()
#4 [internal function]: Illuminate\\Database\\Connectors\\ConnectionFactory->Illuminate\\Database\\Connectors\\{closure}()
#5 /home/chov2692/projet.revolverealm.com/ovkhann/PROJET-PHARE/projet-api/vendor/laravel/framework/src/Illuminate/Database/Connection.php(1231): call_user_func()
#6 /home/chov2692/projet.revolverealm.com/ovkhann/PROJET-PHARE/projet-api/vendor/laravel/framework/src/Illuminate/Database/Connection.php(1267): Illuminate\\Database\\Connection->getPdo()
#7 /home/chov2692/projet.revolverealm.com/ovkhann/PROJET-PHARE/projet-api/vendor/laravel/framework/src/Illuminate/Database/Connection.php(512): Illuminate\\Database\\Connection->getReadPdo()
#8 /home/chov2692/projet.revolverealm.com/ovkhann/PROJET-PHARE/projet-api/vendor/laravel/framework/src/Illuminate/Database/Connection.php(407): Illuminate\\Database\\Connection->getPdoForSelect()
#9 /home/chov2692/projet.revolverealm.com/ovkhann/PROJET-PHARE/projet-api/vendor/laravel/framework/src/Illuminate/Database/Connection.php(812): Illuminate\\Database\\Connection->Illuminate\\Database\\{closure}()
#10 /home/chov2692/projet.revolverealm.com/ovkhann/PROJET-PHARE/projet-api/vendor/laravel/framework/src/Illuminate/Database/Connection.php(779): Illuminate\\Database\\Connection->runQueryCallback()
#11 /home/chov2692/projet.revolverealm.com/ovkhann/PROJET-PHARE/projet-api/vendor/laravel/framework/src/Illuminate/Database/Connection.php(398): Illuminate\\Database\\Connection->run()
#12 /home/chov2692/projet.revolverealm.com/ovkhann/PROJET-PHARE/projet-api/vendor/laravel/framework/src/Illuminate/Database/Connection.php(344): Illuminate\\Database\\Connection->select()
#13 /home/chov2692/projet.revolverealm.com/ovkhann/PROJET-PHARE/projet-api/vendor/laravel/framework/src/Illuminate/Database/Connection.php(361): Illuminate\\Database\\Connection->selectOne()
#14 /home/chov2692/projet.revolverealm.com/ovkhann/PROJET-PHARE/projet-api/vendor/laravel/framework/src/Illuminate/Database/Schema/MySqlBuilder.php(45): Illuminate\\Database\\Connection->scalar()
#15 /home/chov2692/projet.revolverealm.com/ovkhann/PROJET-PHARE/projet-api/vendor/laravel/framework/src/Illuminate/Database/Migrations/DatabaseMigrationRepository.php(184): Illuminate\\Database\\Schema\\MySqlBuilder->hasTable()
#16 /home/chov2692/projet.revolverealm.com/ovkhann/PROJET-PHARE/projet-api/vendor/laravel/framework/src/Illuminate/Database/Migrations/Migrator.php(742): Illuminate\\Database\\Migrations\\DatabaseMigrationRepository->repositoryExists()
#17 /home/chov2692/projet.revolverealm.com/ovkhann/PROJET-PHARE/projet-api/vendor/laravel/framework/src/Illuminate/Database/Console/Migrations/FreshCommand.php(68): Illuminate\\Database\\Migrations\\Migrator->repositoryExists()
#18 /home/chov2692/projet.revolverealm.com/ovkhann/PROJET-PHARE/projet-api/vendor/laravel/framework/src/Illuminate/Database/Migrations/Migrator.php(658): Illuminate\\Database\\Console\\Migrations\\FreshCommand->Illuminate\\Database\\Console\\Migrations\\{closure}()
#19 /home/chov2692/projet.revolverealm.com/ovkhann/PROJET-PHARE/projet-api/vendor/laravel/framework/src/Illuminate/Database/Console/Migrations/FreshCommand.php(67): Illuminate\\Database\\Migrations\\Migrator->usingConnection()
#20 /home/chov2692/projet.revolverealm.com/ovkhann/PROJET-PHARE/projet-api/vendor/laravel/framework/src/Illuminate/Container/BoundMethod.php(36): Illuminate\\Database\\Console\\Migrations\\FreshCommand->handle()
#21 /home/chov2692/projet.revolverealm.com/ovkhann/PROJET-PHARE/projet-api/vendor/laravel/framework/src/Illuminate/Container/Util.php(43): Illuminate\\Container\\BoundMethod::Illuminate\\Container\\{closure}()
#22 /home/chov2692/projet.revolverealm.com/ovkhann/PROJET-PHARE/projet-api/vendor/laravel/framework/src/Illuminate/Container/BoundMethod.php(95): Illuminate\\Container\\Util::unwrapIfClosure()
#23 /home/chov2692/projet.revolverealm.com/ovkhann/PROJET-PHARE/projet-api/vendor/laravel/framework/src/Illuminate/Container/BoundMethod.php(35): Illuminate\\Container\\BoundMethod::callBoundMethod()
#24 /home/chov2692/projet.revolverealm.com/ovkhann/PROJET-PHARE/projet-api/vendor/laravel/framework/src/Illuminate/Container/Container.php(696): Illuminate\\Container\\BoundMethod::call()
#25 /home/chov2692/projet.revolverealm.com/ovkhann/PROJET-PHARE/projet-api/vendor/laravel/framework/src/Illuminate/Console/Command.php(213): Illuminate\\Container\\Container->call()
#26 /home/chov2692/projet.revolverealm.com/ovkhann/PROJET-PHARE/projet-api/vendor/symfony/console/Command/Command.php(318): Illuminate\\Console\\Command->execute()
#27 /home/chov2692/projet.revolverealm.com/ovkhann/PROJET-PHARE/projet-api/vendor/laravel/framework/src/Illuminate/Console/Command.php(182): Symfony\\Component\\Console\\Command\\Command->run()
#28 /home/chov2692/projet.revolverealm.com/ovkhann/PROJET-PHARE/projet-api/vendor/symfony/console/Application.php(1110): Illuminate\\Console\\Command->run()
#29 /home/chov2692/projet.revolverealm.com/ovkhann/PROJET-PHARE/projet-api/vendor/symfony/console/Application.php(359): Symfony\\Component\\Console\\Application->doRunCommand()
#30 /home/chov2692/projet.revolverealm.com/ovkhann/PROJET-PHARE/projet-api/vendor/symfony/console/Application.php(194): Symfony\\Component\\Console\\Application->doRun()
#31 /home/chov2692/projet.revolverealm.com/ovkhann/PROJET-PHARE/projet-api/vendor/laravel/framework/src/Illuminate/Foundation/Console/Kernel.php(198): Symfony\\Component\\Console\\Application->run()
#32 /home/chov2692/projet.revolverealm.com/ovkhann/PROJET-PHARE/projet-api/vendor/laravel/framework/src/Illuminate/Foundation/Application.php(1235): Illuminate\\Foundation\\Console\\Kernel->handle()
#33 /home/chov2692/projet.revolverealm.com/ovkhann/PROJET-PHARE/projet-api/artisan(13): Illuminate\\Foundation\\Application->handleCommand()
#34 {main}
"} 
[2025-09-08 10:31:32] local.ERROR: Route [login] not defined. {"exception":"[object] (Symfony\\Component\\Routing\\Exception\\RouteNotFoundException(code: 0): Route [login] not defined. at /home/chov2692/projet.revolverealm.com/ovkhann/PROJET-PHARE/projet-api/vendor/laravel/framework/src/Illuminate/Routing/UrlGenerator.php:517)
[stacktrace]
#0 /home/chov2692/projet.revolverealm.com/ovkhann/PROJET-PHARE/projet-api/vendor/laravel/framework/src/Illuminate/Foundation/helpers.php(853): Illuminate\\Routing\\UrlGenerator->route()
#1 /home/chov2692/projet.revolverealm.com/ovkhann/PROJET-PHARE/projet-api/vendor/laravel/framework/src/Illuminate/Foundation/Configuration/ApplicationBuilder.php(278): route()
#2 [internal function]: Illuminate\\Foundation\\Configuration\\ApplicationBuilder->Illuminate\\Foundation\\Configuration\\{closure}()
#3 /home/chov2692/projet.revolverealm.com/ovkhann/PROJET-PHARE/projet-api/vendor/laravel/framework/src/Illuminate/Auth/Middleware/Authenticate.php(118): call_user_func()
#4 /home/chov2692/projet.revolverealm.com/ovkhann/PROJET-PHARE/projet-api/vendor/laravel/framework/src/Illuminate/Auth/Middleware/Authenticate.php(105): Illuminate\\Auth\\Middleware\\Authenticate->redirectTo()
#5 /home/chov2692/projet.revolverealm.com/ovkhann/PROJET-PHARE/projet-api/vendor/laravel/framework/src/Illuminate/Auth/Middleware/Authenticate.php(88): Illuminate\\Auth\\Middleware\\Authenticate->unauthenticated()
#6 /home/chov2692/projet.revolverealm.com/ovkhann/PROJET-PHARE/projet-api/vendor/laravel/framework/src/Illuminate/Auth/Middleware/Authenticate.php(62): Illuminate\\Auth\\Middleware\\Authenticate->authenticate()
#7 /home/chov2692/projet.revolverealm.com/ovkhann/PROJET-PHARE/projet-api/vendor/laravel/framework/src/Illuminate/Pipeline/Pipeline.php(209): Illuminate\\Auth\\Middleware\\Authenticate->handle()
#8 /home/chov2692/projet.revolverealm.com/ovkhann/PROJET-PHARE/projet-api/vendor/laravel/sanctum/src/Http/Middleware/EnsureFrontendRequestsAreStateful.php(26): Illuminate\\Pipeline\\Pipeline->Illuminate\\Pipeline\\{closure}()
#9 /home/chov2692/projet.revolverealm.com/ovkhann/PROJET-PHARE/projet-api/vendor/laravel/framework/src/Illuminate/Pipeline/Pipeline.php(170): Laravel\\Sanctum\\Http\\Middleware\\EnsureFrontendRequestsAreStateful->Laravel\\Sanctum\\Http\\Middleware\\{closure}()
#10 /home/chov2692/projet.revolverealm.com/ovkhann/PROJET-PHARE/projet-api/vendor/laravel/framework/src/Illuminate/Pipeline/Pipeline.php(127): Illuminate\\Pipeline\\Pipeline->Illuminate\\Pipeline\\{closure}()
#11 /home/chov2692/projet.revolverealm.com/ovkhann/PROJET-PHARE/projet-api/vendor/laravel/sanctum/src/Http/Middleware/EnsureFrontendRequestsAreStateful.php(25): Illuminate\\Pipeline\\Pipeline->then()
#12 /home/chov2692/projet.revolverealm.com/ovkhann/PROJET-PHARE/projet-api/vendor/laravel/framework/src/Illuminate/Pipeline/Pipeline.php(209): Laravel\\Sanctum\\Http\\Middleware\\EnsureFrontendRequestsAreStateful->handle()
#13 /home/chov2692/projet.revolverealm.com/ovkhann/PROJET-PHARE/projet-api/vendor/laravel/framework/src/Illuminate/Pipeline/Pipeline.php(127): Illuminate\\Pipeline\\Pipeline->Illuminate\\Pipeline\\{closure}()
#14 /home/chov2692/projet.revolverealm.com/ovkhann/PROJET-PHARE/projet-api/vendor/laravel/framework/src/Illuminate/Routing/Router.php(807): Illuminate\\Pipeline\\Pipeline->then()
#15 /home/chov2692/projet.revolverealm.com/ovkhann/PROJET-PHARE/projet-api/vendor/laravel/framework/src/Illuminate/Routing/Router.php(786): Illuminate\\Routing\\Router->runRouteWithinStack()
#16 /home/chov2692/projet.revolverealm.com/ovkhann/PROJET-PHARE/projet-api/vendor/laravel/framework/src/Illuminate/Routing/Router.php(750): Illuminate\\Routing\\Router->runRoute()
#17 /home/chov2692/projet.revolverealm.com/ovkhann/PROJET-PHARE/projet-api/vendor/laravel/framework/src/Illuminate/Routing/Router.php(739): Illuminate\\Routing\\Router->dispatchToRoute()
#18 /home/chov2692/projet.revolverealm.com/ovkhann/PROJET-PHARE/projet-api/vendor/laravel/framework/src/Illuminate/Foundation/Http/Kernel.php(201): Illuminate\\Routing\\Router->dispatch()
#19 /home/chov2692/projet.revolverealm.com/ovkhann/PROJET-PHARE/projet-api/vendor/laravel/framework/src/Illuminate/Pipeline/Pipeline.php(170): Illuminate\\Foundation\\Http\\Kernel->Illuminate\\Foundation\\Http\\{closure}()
#20 /home/chov2692/projet.revolverealm.com/ovkhann/PROJET-PHARE/projet-api/vendor/laravel/framework/src/Illuminate/Foundation/Http/Middleware/TransformsRequest.php(21): Illuminate\\Pipeline\\Pipeline->Illuminate\\Pipeline\\{closure}()
#21 /home/chov2692/projet.revolverealm.com/ovkhann/PROJET-PHARE/projet-api/vendor/laravel/framework/src/Illuminate/Foundation/Http/Middleware/ConvertEmptyStringsToNull.php(31): Illuminate\\Foundation\\Http\\Middleware\\TransformsRequest->handle()
#22 /home/chov2692/projet.revolverealm.com/ovkhann/PROJET-PHARE/projet-api/vendor/laravel/framework/src/Illuminate/Pipeline/Pipeline.php(209): Illuminate\\Foundation\\Http\\Middleware\\ConvertEmptyStringsToNull->handle()
#23 /home/chov2692/projet.revolverealm.com/ovkhann/PROJET-PHARE/projet-api/vendor/laravel/framework/src/Illuminate/Foundation/Http/Middleware/TransformsRequest.php(21): Illuminate\\Pipeline\\Pipeline->Illuminate\\Pipeline\\{closure}()
#24 /home/chov2692/projet.revolverealm.com/ovkhann/PROJET-PHARE/projet-api/vendor/laravel/framework/src/Illuminate/Foundation/Http/Middleware/TrimStrings.php(51): Illuminate\\Foundation\\Http\\Middleware\\TransformsRequest->handle()
#25 /home/chov2692/projet.revolverealm.com/ovkhann/PROJET-PHARE/projet-api/vendor/laravel/framework/src/Illuminate/Pipeline/Pipeline.php(209): Illuminate\\Foundation\\Http\\Middleware\\TrimStrings->handle()
#26 /home/chov2692/projet.revolverealm.com/ovkhann/PROJET-PHARE/projet-api/vendor/laravel/framework/src/Illuminate/Http/Middleware/ValidatePostSize.php(27): Illuminate\\Pipeline\\Pipeline->Illuminate\\Pipeline\\{closure}()
#27 /home/chov2692/projet.revolverealm.com/ovkhann/PROJET-PHARE/projet-api/vendor/laravel/framework/src/Illuminate/Pipeline/Pipeline.php(209): Illuminate\\Http\\Middleware\\ValidatePostSize->handle()
#28 /home/chov2692/projet.revolverealm.com/ovkhann/PROJET-PHARE/projet-api/vendor/laravel/framework/src/Illuminate/Foundation/Http/Middleware/PreventRequestsDuringMaintenance.php(110): Illuminate\\Pipeline\\Pipeline->Illuminate\\Pipeline\\{closure}()
#29 /home/chov2692/projet.revolverealm.com/ovkhann/PROJET-PHARE/projet-api/vendor/laravel/framework/src/Illuminate/Pipeline/Pipeline.php(209): Illuminate\\Foundation\\Http\\Middleware\\PreventRequestsDuringMaintenance->handle()
#30 /home/chov2692/projet.revolverealm.com/ovkhann/PROJET-PHARE/projet-api/vendor/laravel/framework/src/Illuminate/Http/Middleware/HandleCors.php(62): Illuminate\\Pipeline\\Pipeline->Illuminate\\Pipeline\\{closure}()
#31 /home/chov2692/projet.revolverealm.com/ovkhann/PROJET-PHARE/projet-api/vendor/laravel/framework/src/Illuminate/Pipeline/Pipeline.php(209): Illuminate\\Http\\Middleware\\HandleCors->handle()
#32 /home/chov2692/projet.revolverealm.com/ovkhann/PROJET-PHARE/projet-api/vendor/laravel/framework/src/Illuminate/Http/Middleware/TrustProxies.php(58): Illuminate\\Pipeline\\Pipeline->Illuminate\\Pipeline\\{closure}()
#33 /home/chov2692/projet.revolverealm.com/ovkhann/PROJET-PHARE/projet-api/vendor/laravel/framework/src/Illuminate/Pipeline/Pipeline.php(209): Illuminate\\Http\\Middleware\\TrustProxies->handle()
#34 /home/chov2692/projet.revolverealm.com/ovkhann/PROJET-PHARE/projet-api/vendor/laravel/framework/src/Illuminate/Foundation/Http/Middleware/InvokeDeferredCallbacks.php(22): Illuminate\\Pipeline\\Pipeline->Illuminate\\Pipeline\\{closure}()
#35 /home/chov2692/projet.revolverealm.com/ovkhann/PROJET-PHARE/projet-api/vendor/laravel/framework/src/Illuminate/Pipeline/Pipeline.php(209): Illuminate\\Foundation\\Http\\Middleware\\InvokeDeferredCallbacks->handle()
#36 /home/chov2692/projet.revolverealm.com/ovkhann/PROJET-PHARE/projet-api/vendor/laravel/framework/src/Illuminate/Pipeline/Pipeline.php(127): Illuminate\\Pipeline\\Pipeline->Illuminate\\Pipeline\\{closure}()
#37 /home/chov2692/projet.revolverealm.com/ovkhann/PROJET-PHARE/projet-api/vendor/laravel/framework/src/Illuminate/Foundation/Http/Kernel.php(176): Illuminate\\Pipeline\\Pipeline->then()
#38 /home/chov2692/projet.revolverealm.com/ovkhann/PROJET-PHARE/projet-api/vendor/laravel/framework/src/Illuminate/Foundation/Http/Kernel.php(145): Illuminate\\Foundation\\Http\\Kernel->sendRequestThroughRouter()
#39 /home/chov2692/projet.revolverealm.com/ovkhann/PROJET-PHARE/projet-api/vendor/laravel/framework/src/Illuminate/Foundation/Application.php(1220): Illuminate\\Foundation\\Http\\Kernel->handle()
#40 /home/chov2692/projet.revolverealm.com/ovkhann/PROJET-PHARE/projet-api/public/index.php(17): Illuminate\\Foundation\\Application->handleRequest()
#41 {main}
"} 
